AdvertiseKeys completed!
Threshold: 67, Total number: 100
ShareKeys completed!
MaskedInputCollection completed!
Unmasking validation completed!
Recovering pu completed!
Aggregation completed!
Testing passed!
	 AdvertiseKeys	 ShareKyes	 Masking	 Unmasking	 Total
Client	0.842320ms	50.341310ms	475.271320ms	0.134620ms	526.589570ms
Server	1.000000ms	1.669000ms	31.697000ms	584.594000ms	618.960000ms
AdvertiseKeys completed!
Threshold: 67, Total number: 100
ShareKeys completed!
MaskedInputCollection completed!
Unmasking validation completed!
Recovering pu completed!
Aggregation completed!
Testing passed!
	 AdvertiseKeys	 ShareKyes	 Masking	 Unmasking	 Total
Client	0.832050ms	47.651880ms	441.019210ms	0.143350ms	489.646490ms
Server	1.000000ms	2.283000ms	33.581000ms	671.721000ms	708.585000ms
AdvertiseKeys completed!
Threshold: 67, Total number: 100
ShareKeys completed!
MaskedInputCollection completed!
Unmasking validation completed!
Recovering pu completed!
Aggregation completed!
Testing passed!
	 AdvertiseKeys	 ShareKyes	 Masking	 Unmasking	 Total
Client	0.820890ms	47.232750ms	439.890410ms	0.129720ms	488.073770ms
Server	1.000000ms	1.701000ms	27.159000ms	478.773000ms	508.633000ms
AdvertiseKeys completed!
Threshold: 67, Total number: 100
ShareKeys completed!
MaskedInputCollection completed!
Unmasking validation completed!
Recovering pu completed!
Aggregation completed!
Testing passed!
	 AdvertiseKeys	 ShareKyes	 Masking	 Unmasking	 Total
Client	0.832060ms	47.110450ms	440.698290ms	0.113220ms	488.754020ms
Server	1.000000ms	1.703000ms	27.224000ms	492.752000ms	522.679000ms
AdvertiseKeys completed!
Threshold: 67, Total number: 100
ShareKeys completed!
MaskedInputCollection completed!
Unmasking validation completed!
Recovering pu completed!
Aggregation completed!
Testing passed!
	 AdvertiseKeys	 ShareKyes	 Masking	 Unmasking	 Total
Client	0.824540ms	47.254920ms	438.529490ms	0.113760ms	486.722710ms
Server	1.000000ms	1.678000ms	26.914000ms	477.393000ms	506.985000ms
AdvertiseKeys completed!
Threshold: 67, Total number: 100
ShareKeys completed!
MaskedInputCollection completed!
Unmasking validation completed!
Recovering pu completed!
Aggregation completed!
Testing passed!
	 AdvertiseKeys	 ShareKyes	 Masking	 Unmasking	 Total
Client	0.823230ms	47.334340ms	440.439880ms	0.116290ms	488.713740ms
Server	1.000000ms	1.695000ms	27.022000ms	477.644000ms	507.361000ms
