AdvertiseKeys completed!
Threshold: 67, Total number: 100
ShareKeys completed!
MaskedInputCollection completed!
Unmasking validation completed!
Recovering pu completed!
Aggregation completed!
Testing passed!
	 AdvertiseKeys	 ShareKyes	 Masking	 Unmasking	 Total
Client	0.855910ms	44.787240ms	986.833322ms	0.112800ms	1032.589272ms
Server	1.000000ms	1.703000ms	60.322000ms	12163.538000ms	12226.563000ms
AdvertiseKeys completed!
Threshold: 67, Total number: 100
ShareKeys completed!
MaskedInputCollection completed!
Unmasking validation completed!
Recovering pu completed!
Aggregation completed!
Testing passed!
	 AdvertiseKeys	 ShareKyes	 Masking	 Unmasking	 Total
Client	0.822380ms	43.911200ms	967.253333ms	0.114380ms	1012.101293ms
Server	1.000000ms	1.664000ms	60.729000ms	12024.790000ms	12088.183000ms
AdvertiseKeys completed!
Threshold: 67, Total number: 100
ShareKeys completed!
MaskedInputCollection completed!
Unmasking validation completed!
Recovering pu completed!
Aggregation completed!
Testing passed!
	 AdvertiseKeys	 ShareKyes	 Masking	 Unmasking	 Total
Client	0.819770ms	43.993430ms	965.858611ms	0.115290ms	1010.787101ms
Server	1.000000ms	1.655000ms	60.262000ms	12022.800000ms	12085.717000ms
AdvertiseKeys completed!
Threshold: 67, Total number: 100
ShareKeys completed!
MaskedInputCollection completed!
Unmasking validation completed!
Recovering pu completed!
Aggregation completed!
Testing passed!
	 AdvertiseKeys	 ShareKyes	 Masking	 Unmasking	 Total
Client	0.821600ms	43.985500ms	968.331878ms	0.115010ms	1013.253988ms
Server	1.000000ms	1.665000ms	60.410000ms	12016.748000ms	12079.823000ms
AdvertiseKeys completed!
Threshold: 67, Total number: 100
ShareKeys completed!
MaskedInputCollection completed!
Unmasking validation completed!
Recovering pu completed!
Aggregation completed!
Testing passed!
	 AdvertiseKeys	 ShareKyes	 Masking	 Unmasking	 Total
Client	0.820380ms	43.997830ms	966.324878ms	0.112520ms	1011.255608ms
Server	1.000000ms	1.650000ms	60.655000ms	11992.571000ms	12055.876000ms
