AdvertiseKeys completed!
Threshold: 67, Total number: 100
ShareKeys completed!
MaskedInputCollection completed!
Unmasking validation completed!
Recovering pu completed!
Aggregation completed!
Testing passed!
	 AdvertiseKeys	 ShareKyes	 Masking	 Unmasking	 Total
Client	0.870210ms	49.973220ms	475.697511ms	0.122940ms	526.663881ms
Server	1.000000ms	1.971000ms	26.011000ms	5807.613000ms	5836.595000ms
AdvertiseKeys completed!
Threshold: 67, Total number: 100
ShareKeys completed!
MaskedInputCollection completed!
Unmasking validation completed!
Recovering pu completed!
Aggregation completed!
Testing passed!
	 AdvertiseKeys	 ShareKyes	 Masking	 Unmasking	 Total
Client	1.230590ms	55.139440ms	462.941944ms	0.119400ms	519.431374ms
Server	1.000000ms	1.868000ms	25.807000ms	5800.268000ms	5828.943000ms
AdvertiseKeys completed!
Threshold: 67, Total number: 100
ShareKeys completed!
MaskedInputCollection completed!
Unmasking validation completed!
Recovering pu completed!
Aggregation completed!
Testing passed!
	 AdvertiseKeys	 ShareKyes	 Masking	 Unmasking	 Total
Client	0.821110ms	47.106500ms	440.115267ms	0.114890ms	488.157767ms
Server	1.000000ms	1.685000ms	24.952000ms	5398.560000ms	5426.197000ms
AdvertiseKeys completed!
Threshold: 67, Total number: 100
ShareKeys completed!
MaskedInputCollection completed!
Unmasking validation completed!
Recovering pu completed!
Aggregation completed!
Testing passed!
	 AdvertiseKeys	 ShareKyes	 Masking	 Unmasking	 Total
Client	0.823060ms	47.114460ms	440.481944ms	0.113870ms	488.533334ms
Server	1.000000ms	1.647000ms	24.901000ms	5410.690000ms	5438.238000ms
AdvertiseKeys completed!
Threshold: 67, Total number: 100
ShareKeys completed!
MaskedInputCollection completed!
Unmasking validation completed!
Recovering pu completed!
Aggregation completed!
Testing passed!
	 AdvertiseKeys	 ShareKyes	 Masking	 Unmasking	 Total
Client	0.823150ms	47.709140ms	439.134378ms	0.115750ms	487.782418ms
Server	1.000000ms	1.676000ms	25.098000ms	5415.257000ms	5443.031000ms
AdvertiseKeys completed!
Threshold: 67, Total number: 100
ShareKeys completed!
MaskedInputCollection completed!
Unmasking validation completed!
Recovering pu completed!
Aggregation completed!
Testing passed!
	 AdvertiseKeys	 ShareKyes	 Masking	 Unmasking	 Total
Client	0.869970ms	47.830640ms	442.949100ms	0.113950ms	491.763660ms
Server	1.000000ms	1.673000ms	25.103000ms	5489.602000ms	5517.378000ms
