AdvertiseKeys completed!
Threshold: 67, Total number: 100
ShareKeys completed!
MaskedInputCollection completed!
Unmasking validation completed!
Recovering pu completed!
Aggregation completed!
Testing passed!
	 AdvertiseKeys	 ShareKyes	 Masking	 Unmasking	 Total
Client	0.876180ms	47.716130ms	239.941120ms	0.119300ms	288.652730ms
Server	1.000000ms	1.934000ms	13.472000ms	273.335000ms	289.741000ms
AdvertiseKeys completed!
Threshold: 67, Total number: 100
ShareKeys completed!
MaskedInputCollection completed!
Unmasking validation completed!
Recovering pu completed!
Aggregation completed!
Testing passed!
	 AdvertiseKeys	 ShareKyes	 Masking	 Unmasking	 Total
Client	0.825910ms	44.507250ms	236.945280ms	0.112080ms	282.390520ms
Server	1.000000ms	1.672000ms	13.451000ms	258.148000ms	274.271000ms
AdvertiseKeys completed!
Threshold: 67, Total number: 100
ShareKeys completed!
MaskedInputCollection completed!
Unmasking validation completed!
Recovering pu completed!
Aggregation completed!
Testing passed!
	 AdvertiseKeys	 ShareKyes	 Masking	 Unmasking	 Total
Client	0.831400ms	44.262760ms	236.279930ms	0.114920ms	281.489010ms
Server	1.000000ms	1.658000ms	13.704000ms	257.622000ms	273.984000ms
AdvertiseKeys completed!
Threshold: 67, Total number: 100
ShareKeys completed!
MaskedInputCollection completed!
Unmasking validation completed!
Recovering pu completed!
Aggregation completed!
Testing passed!
	 AdvertiseKeys	 ShareKyes	 Masking	 Unmasking	 Total
Client	0.821090ms	44.538950ms	237.737770ms	0.114050ms	283.211860ms
Server	1.000000ms	1.725000ms	13.840000ms	258.542000ms	275.107000ms
AdvertiseKeys completed!
Threshold: 67, Total number: 100
ShareKeys completed!
MaskedInputCollection completed!
Unmasking validation completed!
Recovering pu completed!
Aggregation completed!
Testing passed!
	 AdvertiseKeys	 ShareKyes	 Masking	 Unmasking	 Total
Client	0.828010ms	44.067860ms	227.181370ms	0.113650ms	272.190890ms
Server	1.000000ms	1.644000ms	13.666000ms	259.815000ms	276.125000ms
AdvertiseKeys completed!
Threshold: 67, Total number: 100
ShareKeys completed!
MaskedInputCollection completed!
Unmasking validation completed!
Recovering pu completed!
Aggregation completed!
Testing passed!
	 AdvertiseKeys	 ShareKyes	 Masking	 Unmasking	 Total
Client	0.820160ms	44.112360ms	241.259160ms	0.112580ms	286.304260ms
Server	1.000000ms	1.670000ms	13.837000ms	257.683000ms	274.190000ms
