AdvertiseKeys completed!
Threshold: 134, Total number: 200
ShareKeys completed!
MaskedInputCollection completed!
Unmasking validation completed!
Recovering pu completed!
Aggregation completed!
Testing passed!
	 AdvertiseKeys	 ShareKyes	 Masking	 Unmasking	 Total
Client	0.829640ms	99.966055ms	1679.318644ms	0.238230ms	1780.352569ms
Server	1.000000ms	6.859000ms	96.320000ms	38455.668000ms	38559.847000ms
AdvertiseKeys completed!
Threshold: 134, Total number: 200
ShareKeys completed!
MaskedInputCollection completed!
Unmasking validation completed!
Recovering pu completed!
Aggregation completed!
Testing passed!
	 AdvertiseKeys	 ShareKyes	 Masking	 Unmasking	 Total
Client	0.907280ms	103.989055ms	1756.694583ms	0.327550ms	1861.918468ms
Server	1.000000ms	7.527000ms	117.978000ms	39870.149000ms	39996.654000ms
AdvertiseKeys completed!
Threshold: 134, Total number: 200
ShareKeys completed!
MaskedInputCollection completed!
Unmasking validation completed!
Recovering pu completed!
Aggregation completed!
Testing passed!
	 AdvertiseKeys	 ShareKyes	 Masking	 Unmasking	 Total
Client	1.162335ms	101.796580ms	1677.855917ms	0.238925ms	1781.053757ms
Server	1.000000ms	6.743000ms	96.879000ms	38708.333000ms	38812.955000ms
AdvertiseKeys completed!
Threshold: 134, Total number: 200
ShareKeys completed!
MaskedInputCollection completed!
Unmasking validation completed!
Recovering pu completed!
Aggregation completed!
Testing passed!
	 AdvertiseKeys	 ShareKyes	 Masking	 Unmasking	 Total
Client	0.822505ms	99.156600ms	1670.730211ms	0.232590ms	1770.941906ms
Server	1.000000ms	6.749000ms	95.848000ms	38551.174000ms	38654.771000ms
AdvertiseKeys completed!
Threshold: 134, Total number: 200
ShareKeys completed!
MaskedInputCollection completed!
Unmasking validation completed!
Recovering pu completed!
Aggregation completed!
Testing passed!
	 AdvertiseKeys	 ShareKyes	 Masking	 Unmasking	 Total
Client	0.822115ms	100.752400ms	1676.241294ms	0.325225ms	1778.141034ms
Server	1.000000ms	6.784000ms	102.356000ms	38500.128000ms	38610.268000ms
AdvertiseKeys completed!
Threshold: 134, Total number: 200
ShareKeys completed!
MaskedInputCollection completed!
Unmasking validation completed!
Recovering pu completed!
Aggregation completed!
Testing passed!
	 AdvertiseKeys	 ShareKyes	 Masking	 Unmasking	 Total
Client	0.839020ms	100.600875ms	1692.331239ms	0.238630ms	1794.009764ms
Server	1.000000ms	6.843000ms	96.899000ms	38404.559000ms	38509.301000ms
