AdvertiseKeys completed!
Threshold: 134, Total number: 200
ShareKeys completed!
MaskedInputCollection completed!
Unmasking validation completed!
Recovering pu completed!
Aggregation completed!
Testing passed!
	 AdvertiseKeys	 ShareKyes	 Masking	 Unmasking	 Total
Client	0.828585ms	99.935010ms	1692.214045ms	0.235410ms	1793.213050ms
Server	1.000000ms	6.800000ms	106.842000ms	1996.456000ms	2111.098000ms
AdvertiseKeys completed!
Threshold: 134, Total number: 200
ShareKeys completed!
MaskedInputCollection completed!
Unmasking validation completed!
Recovering pu completed!
Aggregation completed!
Testing passed!
	 AdvertiseKeys	 ShareKyes	 Masking	 Unmasking	 Total
Client	0.862405ms	114.622245ms	1880.642235ms	0.247950ms	1996.374835ms
Server	1.000000ms	9.485000ms	110.420000ms	2292.344000ms	2413.249000ms
AdvertiseKeys completed!
Threshold: 134, Total number: 200
ShareKeys completed!
MaskedInputCollection completed!
Unmasking validation completed!
Recovering pu completed!
Aggregation completed!
Testing passed!
	 AdvertiseKeys	 ShareKyes	 Masking	 Unmasking	 Total
Client	0.825415ms	98.922670ms	1665.925935ms	0.232745ms	1765.906765ms
Server	1.000000ms	6.709000ms	106.688000ms	2280.133000ms	2394.530000ms
AdvertiseKeys completed!
Threshold: 134, Total number: 200
ShareKeys completed!
MaskedInputCollection completed!
Unmasking validation completed!
Recovering pu completed!
Aggregation completed!
Testing passed!
	 AdvertiseKeys	 ShareKyes	 Masking	 Unmasking	 Total
Client	1.117825ms	99.467270ms	1676.798385ms	0.328010ms	1777.711490ms
Server	1.000000ms	8.228000ms	141.615000ms	2032.359000ms	2183.202000ms
AdvertiseKeys completed!
Threshold: 134, Total number: 200
ShareKeys completed!
MaskedInputCollection completed!
Unmasking validation completed!
Recovering pu completed!
Aggregation completed!
Testing passed!
	 AdvertiseKeys	 ShareKyes	 Masking	 Unmasking	 Total
Client	0.820915ms	99.144505ms	1668.892775ms	0.232240ms	1769.090435ms
Server	1.000000ms	6.859000ms	105.846000ms	1964.673000ms	2078.378000ms
AdvertiseKeys completed!
Threshold: 134, Total number: 200
ShareKeys completed!
MaskedInputCollection completed!
Unmasking validation completed!
Recovering pu completed!
Aggregation completed!
Testing passed!
	 AdvertiseKeys	 ShareKyes	 Masking	 Unmasking	 Total
Client	1.100845ms	98.717770ms	1715.702955ms	0.237565ms	1815.759135ms
Server	1.000000ms	7.673000ms	106.843000ms	2260.202000ms	2375.718000ms
