AdvertiseKeys completed!
Threshold: 134, Total number: 200
ShareKeys completed!
MaskedInputCollection completed!
Unmasking validation completed!
Recovering pu completed!
Aggregation completed!
Testing passed!
	 AdvertiseKeys	 ShareKyes	 Masking	 Unmasking	 Total
Client	0.815350ms	93.233265ms	1927.215722ms	0.232495ms	2021.496832ms
Server	1.000000ms	6.769000ms	119.589000ms	44251.772000ms	44379.130000ms
AdvertiseKeys completed!
Threshold: 134, Total number: 200
ShareKeys completed!
MaskedInputCollection completed!
Unmasking validation completed!
Recovering pu completed!
Aggregation completed!
Testing passed!
	 AdvertiseKeys	 ShareKyes	 Masking	 Unmasking	 Total
Client	0.819305ms	94.700090ms	1930.664744ms	0.230125ms	2026.414264ms
Server	1.000000ms	6.731000ms	118.666000ms	44458.297000ms	44584.694000ms
AdvertiseKeys completed!
Threshold: 134, Total number: 200
ShareKeys completed!
MaskedInputCollection completed!
Unmasking validation completed!
Recovering pu completed!
Aggregation completed!
Testing passed!
	 AdvertiseKeys	 ShareKyes	 Masking	 Unmasking	 Total
Client	0.818560ms	92.626870ms	1932.967978ms	0.235535ms	2026.648943ms
Server	1.000000ms	6.798000ms	119.364000ms	44468.901000ms	44596.063000ms
AdvertiseKeys completed!
Threshold: 134, Total number: 200
ShareKeys completed!
MaskedInputCollection completed!
Unmasking validation completed!
Recovering pu completed!
Aggregation completed!
Testing passed!
	 AdvertiseKeys	 ShareKyes	 Masking	 Unmasking	 Total
Client	0.818695ms	92.468335ms	1928.837844ms	0.235015ms	2022.359889ms
Server	1.000000ms	6.738000ms	119.423000ms	44253.078000ms	44380.239000ms
AdvertiseKeys completed!
Threshold: 134, Total number: 200
ShareKeys completed!
MaskedInputCollection completed!
Unmasking validation completed!
Recovering pu completed!
Aggregation completed!
Testing passed!
	 AdvertiseKeys	 ShareKyes	 Masking	 Unmasking	 Total
Client	0.829415ms	92.883955ms	1931.505583ms	0.232135ms	2025.451088ms
Server	1.000000ms	6.754000ms	120.473000ms	44337.228000ms	44465.455000ms
