AdvertiseKeys completed!
Threshold: 134, Total number: 200
ShareKeys completed!
MaskedInputCollection completed!
Unmasking validation completed!
Recovering pu completed!
Aggregation completed!
Testing passed!
	 AdvertiseKeys	 ShareKyes	 Masking	 Unmasking	 Total
Client	0.851800ms	106.844470ms	514.429400ms	0.241310ms	622.366980ms
Server	1.000000ms	9.180000ms	25.868000ms	11570.596000ms	11606.644000ms
AdvertiseKeys completed!
Threshold: 134, Total number: 200
ShareKeys completed!
MaskedInputCollection completed!
Unmasking validation completed!
Recovering pu completed!
Aggregation completed!
Testing passed!
	 AdvertiseKeys	 ShareKyes	 Masking	 Unmasking	 Total
Client	0.933845ms	107.751425ms	524.419933ms	0.242045ms	633.347248ms
Server	1.000000ms	6.872000ms	28.807000ms	12172.172000ms	12208.851000ms
AdvertiseKeys completed!
Threshold: 134, Total number: 200
ShareKeys completed!
MaskedInputCollection completed!
Unmasking validation completed!
Recovering pu completed!
Aggregation completed!
Testing passed!
	 AdvertiseKeys	 ShareKyes	 Masking	 Unmasking	 Total
Client	0.822280ms	99.086570ms	482.005911ms	0.235470ms	582.150231ms
Server	1.000000ms	6.731000ms	24.589000ms	11262.965000ms	11295.285000ms
AdvertiseKeys completed!
Threshold: 134, Total number: 200
ShareKeys completed!
MaskedInputCollection completed!
Unmasking validation completed!
Recovering pu completed!
Aggregation completed!
Testing passed!
	 AdvertiseKeys	 ShareKyes	 Masking	 Unmasking	 Total
Client	1.125510ms	98.670595ms	482.673511ms	0.230935ms	582.700551ms
Server	1.000000ms	9.579000ms	24.363000ms	11176.858000ms	11211.800000ms
AdvertiseKeys completed!
Threshold: 134, Total number: 200
ShareKeys completed!
MaskedInputCollection completed!
Unmasking validation completed!
Recovering pu completed!
Aggregation completed!
Testing passed!
	 AdvertiseKeys	 ShareKyes	 Masking	 Unmasking	 Total
Client	0.953635ms	99.174645ms	485.484400ms	0.359350ms	585.972030ms
Server	1.000000ms	6.779000ms	29.746000ms	11258.745000ms	11296.270000ms
AdvertiseKeys completed!
Threshold: 134, Total number: 200
ShareKeys completed!
MaskedInputCollection completed!
Unmasking validation completed!
Recovering pu completed!
Aggregation completed!
Testing passed!
	 AdvertiseKeys	 ShareKyes	 Masking	 Unmasking	 Total
Client	0.941125ms	99.287890ms	485.341128ms	0.235655ms	585.805798ms
Server	1.000000ms	6.845000ms	24.632000ms	11290.438000ms	11322.915000ms
