AdvertiseKeys completed!
Threshold: 201, Total number: 300
ShareKeys completed!
MaskedInputCollection completed!
Unmasking validation completed!
Recovering pu completed!
Aggregation completed!
Testing passed!
	 AdvertiseKeys	 ShareKyes	 Masking	 Unmasking	 Total
Client	0.823053ms	158.222160ms	1918.041778ms	0.354270ms	2077.441261ms
Server	1.000000ms	14.862000ms	108.843000ms	65541.988000ms	65666.693000ms
AdvertiseKeys completed!
Threshold: 201, Total number: 300
ShareKeys completed!
MaskedInputCollection completed!
Unmasking validation completed!
Recovering pu completed!
Aggregation completed!
Testing passed!
	 AdvertiseKeys	 ShareKyes	 Masking	 Unmasking	 Total
Client	0.860877ms	164.957753ms	2023.186422ms	0.368560ms	2189.373612ms
Server	1.000000ms	15.129000ms	112.333000ms	71450.858000ms	71579.320000ms
AdvertiseKeys completed!
Threshold: 201, Total number: 300
ShareKeys completed!
MaskedInputCollection completed!
Unmasking validation completed!
Recovering pu completed!
Aggregation completed!
Testing passed!
	 AdvertiseKeys	 ShareKyes	 Masking	 Unmasking	 Total
Client	0.818603ms	154.962830ms	1910.971633ms	0.384497ms	2067.137563ms
Server	1.000000ms	14.701000ms	108.821000ms	65409.417000ms	65533.939000ms
AdvertiseKeys completed!
Threshold: 201, Total number: 300
ShareKeys completed!
MaskedInputCollection completed!
Unmasking validation completed!
Recovering pu completed!
Aggregation completed!
Testing passed!
	 AdvertiseKeys	 ShareKyes	 Masking	 Unmasking	 Total
Client	0.884520ms	155.935677ms	1911.731967ms	0.355807ms	2068.907970ms
Server	1.000000ms	14.692000ms	109.549000ms	65146.050000ms	65271.291000ms
AdvertiseKeys completed!
Threshold: 201, Total number: 300
ShareKeys completed!
MaskedInputCollection completed!
Unmasking validation completed!
Recovering pu completed!
Aggregation completed!
Testing passed!
	 AdvertiseKeys	 ShareKyes	 Masking	 Unmasking	 Total
Client	0.822110ms	156.215200ms	1905.461967ms	0.352040ms	2062.851317ms
Server	1.000000ms	14.595000ms	108.715000ms	64891.785000ms	65016.095000ms
AdvertiseKeys completed!
Threshold: 201, Total number: 300
ShareKeys completed!
MaskedInputCollection completed!
Unmasking validation completed!
Recovering pu completed!
Aggregation completed!
Testing passed!
	 AdvertiseKeys	 ShareKyes	 Masking	 Unmasking	 Total
Client	0.828983ms	162.899247ms	1923.129630ms	0.351733ms	2087.209593ms
Server	1.000000ms	14.583000ms	108.718000ms	64921.687000ms	65045.988000ms
