AdvertiseKeys completed!
Threshold: 201, Total number: 300
ShareKeys completed!
MaskedInputCollection completed!
Unmasking validation completed!
Recovering pu completed!
Aggregation completed!
Testing passed!
	 AdvertiseKeys	 ShareKyes	 Masking	 Unmasking	 Total
Client	0.818223ms	145.980057ms	2998.466241ms	0.351513ms	3145.616034ms
Server	1.000000ms	14.521000ms	179.410000ms	99464.878000ms	99659.809000ms
AdvertiseKeys completed!
Threshold: 201, Total number: 300
ShareKeys completed!
MaskedInputCollection completed!
Unmasking validation completed!
Recovering pu completed!
Aggregation completed!
Testing passed!
	 AdvertiseKeys	 ShareKyes	 Masking	 Unmasking	 Total
Client	0.847760ms	145.379193ms	2889.724719ms	0.351483ms	3036.303155ms
Server	1.000000ms	14.505000ms	179.856000ms	98217.020000ms	98412.381000ms
AdvertiseKeys completed!
Threshold: 201, Total number: 300
ShareKeys completed!
MaskedInputCollection completed!
Unmasking validation completed!
Recovering pu completed!
Aggregation completed!
Testing passed!
	 AdvertiseKeys	 ShareKyes	 Masking	 Unmasking	 Total
Client	0.816693ms	145.874830ms	2889.879693ms	0.345850ms	3036.917066ms
Server	1.000000ms	14.528000ms	179.258000ms	98007.832000ms	98202.618000ms
AdvertiseKeys completed!
Threshold: 201, Total number: 300
ShareKeys completed!
MaskedInputCollection completed!
Unmasking validation completed!
Recovering pu completed!
Aggregation completed!
Testing passed!
	 AdvertiseKeys	 ShareKyes	 Masking	 Unmasking	 Total
Client	0.818533ms	145.763253ms	2891.582078ms	0.345823ms	3038.509688ms
Server	1.000000ms	14.559000ms	179.803000ms	98214.381000ms	98409.743000ms
AdvertiseKeys completed!
Threshold: 201, Total number: 300
ShareKeys completed!
MaskedInputCollection completed!
Unmasking validation completed!
Recovering pu completed!
Aggregation completed!
Testing passed!
	 AdvertiseKeys	 ShareKyes	 Masking	 Unmasking	 Total
Client	0.818470ms	145.592543ms	2893.165741ms	0.347213ms	3039.923967ms
Server	1.000000ms	14.588000ms	180.374000ms	98255.535000ms	98451.497000ms
