AdvertiseKeys completed!
Threshold: 201, Total number: 300
ShareKeys completed!
MaskedInputCollection completed!
Unmasking validation completed!
Recovering pu completed!
Aggregation completed!
Testing passed!
	 AdvertiseKeys	 ShareKyes	 Masking	 Unmasking	 Total
Client	0.865463ms	166.559390ms	1407.277741ms	0.371917ms	1575.074511ms
Server	1.000000ms	14.639000ms	76.937000ms	52903.445000ms	52996.021000ms
AdvertiseKeys completed!
Threshold: 201, Total number: 300
ShareKeys completed!
MaskedInputCollection completed!
Unmasking validation completed!
Recovering pu completed!
Aggregation completed!
Testing passed!
	 AdvertiseKeys	 ShareKyes	 Masking	 Unmasking	 Total
Client	1.227253ms	157.581060ms	1336.351985ms	0.373023ms	1495.533322ms
Server	1.000000ms	15.013000ms	75.363000ms	48241.411000ms	48332.787000ms
AdvertiseKeys completed!
Threshold: 201, Total number: 300
ShareKeys completed!
MaskedInputCollection completed!
Unmasking validation completed!
Recovering pu completed!
Aggregation completed!
Testing passed!
	 AdvertiseKeys	 ShareKyes	 Masking	 Unmasking	 Total
Client	0.821350ms	154.953260ms	1315.319696ms	0.351533ms	1471.445840ms
Server	1.000000ms	14.518000ms	72.780000ms	45162.035000ms	45250.333000ms
AdvertiseKeys completed!
Threshold: 201, Total number: 300
ShareKeys completed!
MaskedInputCollection completed!
Unmasking validation completed!
Recovering pu completed!
Aggregation completed!
Testing passed!
	 AdvertiseKeys	 ShareKyes	 Masking	 Unmasking	 Total
Client	0.820670ms	155.263697ms	1315.744244ms	0.480057ms	1472.308668ms
Server	1.000000ms	14.781000ms	95.143000ms	45438.842000ms	45549.766000ms
AdvertiseKeys completed!
Threshold: 201, Total number: 300
ShareKeys completed!
MaskedInputCollection completed!
Unmasking validation completed!
Recovering pu completed!
Aggregation completed!
Testing passed!
	 AdvertiseKeys	 ShareKyes	 Masking	 Unmasking	 Total
Client	0.841607ms	156.901460ms	1314.406956ms	0.351943ms	1472.501966ms
Server	1.000000ms	14.646000ms	72.411000ms	45021.541000ms	45109.598000ms
AdvertiseKeys completed!
Threshold: 201, Total number: 300
ShareKeys completed!
MaskedInputCollection completed!
Unmasking validation completed!
Recovering pu completed!
Aggregation completed!
Testing passed!
	 AdvertiseKeys	 ShareKyes	 Masking	 Unmasking	 Total
Client	0.821613ms	156.682150ms	1315.771522ms	0.346587ms	1473.621872ms
Server	1.000000ms	14.433000ms	72.776000ms	45135.975000ms	45224.184000ms
