AdvertiseKeys completed!
Threshold: 201, Total number: 300
ShareKeys completed!
MaskedInputCollection completed!
Unmasking validation completed!
Recovering pu completed!
Aggregation completed!
Testing passed!
	 AdvertiseKeys	 ShareKyes	 Masking	 Unmasking	 Total
Client	0.823210ms	156.649003ms	3152.369660ms	0.353330ms	3310.195203ms
Server	1.000000ms	22.645000ms	201.477000ms	4351.247000ms	4576.369000ms
AdvertiseKeys completed!
Threshold: 201, Total number: 300
ShareKeys completed!
MaskedInputCollection completed!
Unmasking validation completed!
Recovering pu completed!
Aggregation completed!
Testing passed!
	 AdvertiseKeys	 ShareKyes	 Masking	 Unmasking	 Total
Client	0.841447ms	163.055740ms	3331.126433ms	0.370223ms	3495.393843ms
Server	1.000000ms	15.181000ms	211.978000ms	4700.775000ms	4928.934000ms
AdvertiseKeys completed!
Threshold: 201, Total number: 300
ShareKeys completed!
MaskedInputCollection completed!
Unmasking validation completed!
Recovering pu completed!
Aggregation completed!
Testing passed!
	 AdvertiseKeys	 ShareKyes	 Masking	 Unmasking	 Total
Client	0.826630ms	155.549817ms	3110.137240ms	0.348630ms	3266.862317ms
Server	1.000000ms	14.552000ms	201.898000ms	4315.560000ms	4533.010000ms
AdvertiseKeys completed!
Threshold: 201, Total number: 300
ShareKeys completed!
MaskedInputCollection completed!
Unmasking validation completed!
Recovering pu completed!
Aggregation completed!
Testing passed!
	 AdvertiseKeys	 ShareKyes	 Masking	 Unmasking	 Total
Client	0.819830ms	155.192670ms	3110.516683ms	0.354550ms	3266.883733ms
Server	1.000000ms	14.485000ms	202.247000ms	4307.978000ms	4525.710000ms
AdvertiseKeys completed!
Threshold: 201, Total number: 300
ShareKeys completed!
MaskedInputCollection completed!
Unmasking validation completed!
Recovering pu completed!
Aggregation completed!
Testing passed!
	 AdvertiseKeys	 ShareKyes	 Masking	 Unmasking	 Total
Client	0.824290ms	155.980360ms	3098.426723ms	0.356547ms	3255.587920ms
Server	1.000000ms	14.505000ms	202.523000ms	4287.410000ms	4505.438000ms
AdvertiseKeys completed!
Threshold: 201, Total number: 300
ShareKeys completed!
MaskedInputCollection completed!
Unmasking validation completed!
Recovering pu completed!
Aggregation completed!
Testing passed!
	 AdvertiseKeys	 ShareKyes	 Masking	 Unmasking	 Total
Client	0.818553ms	155.769090ms	3125.869160ms	0.356977ms	3282.813780ms
Server	1.000000ms	14.472000ms	205.375000ms	4468.473000ms	4689.320000ms
