AdvertiseKeys completed!
Threshold: 201, Total number: 300
ShareKeys completed!
MaskedInputCollection completed!
Unmasking validation completed!
Recovering pu completed!
Aggregation completed!
Testing passed!
	 AdvertiseKeys	 ShareKyes	 Masking	 Unmasking	 Total
Client	0.817633ms	155.859470ms	2519.303126ms	0.435230ms	2676.415459ms
Server	1.000000ms	14.494000ms	145.866000ms	85611.075000ms	85772.435000ms
AdvertiseKeys completed!
Threshold: 201, Total number: 300
ShareKeys completed!
MaskedInputCollection completed!
Unmasking validation completed!
Recovering pu completed!
Aggregation completed!
Testing passed!
	 AdvertiseKeys	 ShareKyes	 Masking	 Unmasking	 Total
Client	0.870550ms	164.782637ms	2659.025426ms	0.358707ms	2825.037319ms
Server	1.000000ms	15.007000ms	145.753000ms	86725.111000ms	86886.871000ms
AdvertiseKeys completed!
Threshold: 201, Total number: 300
ShareKeys completed!
MaskedInputCollection completed!
Unmasking validation completed!
Recovering pu completed!
Aggregation completed!
Testing passed!
	 AdvertiseKeys	 ShareKyes	 Masking	 Unmasking	 Total
Client	0.824687ms	156.082423ms	2506.067874ms	0.351947ms	2663.326931ms
Server	1.000000ms	14.519000ms	145.407000ms	84986.907000ms	85147.833000ms
AdvertiseKeys completed!
Threshold: 201, Total number: 300
ShareKeys completed!
MaskedInputCollection completed!
Unmasking validation completed!
Recovering pu completed!
Aggregation completed!
Testing passed!
	 AdvertiseKeys	 ShareKyes	 Masking	 Unmasking	 Total
Client	0.821003ms	156.186830ms	2512.223619ms	0.495177ms	2669.726629ms
Server	1.000000ms	14.520000ms	146.912000ms	87862.998000ms	88025.430000ms
AdvertiseKeys completed!
Threshold: 201, Total number: 300
ShareKeys completed!
MaskedInputCollection completed!
Unmasking validation completed!
Recovering pu completed!
Aggregation completed!
Testing passed!
	 AdvertiseKeys	 ShareKyes	 Masking	 Unmasking	 Total
Client	0.818490ms	155.763527ms	2506.167819ms	0.353633ms	2663.103469ms
Server	1.000000ms	14.531000ms	144.465000ms	85330.841000ms	85490.837000ms
AdvertiseKeys completed!
Threshold: 201, Total number: 300
ShareKeys completed!
MaskedInputCollection completed!
Unmasking validation completed!
Recovering pu completed!
Aggregation completed!
Testing passed!
	 AdvertiseKeys	 ShareKyes	 Masking	 Unmasking	 Total
Client	1.068327ms	156.118663ms	2502.949907ms	0.349110ms	2660.486007ms
Server	1.000000ms	14.588000ms	144.425000ms	85027.124000ms	85187.137000ms
