AdvertiseKeys completed!
Threshold: 267, Total number: 400
ShareKeys completed!
MaskedInputCollection completed!
Unmasking validation completed!
Recovering pu completed!
Aggregation completed!
Testing passed!
	 AdvertiseKeys	 ShareKyes	 Masking	 Unmasking	 Total
Client	0.900818ms	222.385235ms	991.846583ms	0.472230ms	1215.604866ms
Server	1.000000ms	28.484000ms	47.640000ms	48128.468000ms	48205.592000ms
AdvertiseKeys completed!
Threshold: 267, Total number: 400
ShareKeys completed!
MaskedInputCollection completed!
Unmasking validation completed!
Recovering pu completed!
Aggregation completed!
Testing passed!
	 AdvertiseKeys	 ShareKyes	 Masking	 Unmasking	 Total
Client	0.886910ms	228.017995ms	1109.970289ms	0.588725ms	1339.463919ms
Server	1.000000ms	26.726000ms	61.391000ms	48011.605000ms	48100.722000ms
AdvertiseKeys completed!
Threshold: 267, Total number: 400
ShareKeys completed!
MaskedInputCollection completed!
Unmasking validation completed!
Recovering pu completed!
Aggregation completed!
Testing passed!
	 AdvertiseKeys	 ShareKyes	 Masking	 Unmasking	 Total
Client	0.840440ms	218.289495ms	973.043094ms	0.470657ms	1192.643687ms
Server	1.000000ms	26.675000ms	48.889000ms	45255.837000ms	45332.401000ms
AdvertiseKeys completed!
Threshold: 267, Total number: 400
ShareKeys completed!
MaskedInputCollection completed!
Unmasking validation completed!
Recovering pu completed!
Aggregation completed!
Testing passed!
	 AdvertiseKeys	 ShareKyes	 Masking	 Unmasking	 Total
Client	0.831255ms	217.233262ms	965.531033ms	0.478435ms	1184.073986ms
Server	1.000000ms	26.697000ms	49.017000ms	45387.579000ms	45464.293000ms
AdvertiseKeys completed!
Threshold: 267, Total number: 400
ShareKeys completed!
MaskedInputCollection completed!
Unmasking validation completed!
Recovering pu completed!
Aggregation completed!
Testing passed!
	 AdvertiseKeys	 ShareKyes	 Masking	 Unmasking	 Total
Client	0.815278ms	213.388342ms	967.999886ms	0.609025ms	1182.812531ms
Server	1.000000ms	26.899000ms	49.615000ms	45314.189000ms	45391.703000ms
AdvertiseKeys completed!
Threshold: 267, Total number: 400
ShareKeys completed!
MaskedInputCollection completed!
Unmasking validation completed!
Recovering pu completed!
Aggregation completed!
Testing passed!
	 AdvertiseKeys	 ShareKyes	 Masking	 Unmasking	 Total
Client	0.822672ms	216.175450ms	966.291681ms	0.479255ms	1183.769058ms
Server	1.000000ms	26.929000ms	49.188000ms	45367.788000ms	45444.905000ms
