AdvertiseKeys completed!
Threshold: 334, Total number: 500
ShareKeys completed!
MaskedInputCollection completed!
Unmasking validation completed!
Recovering pu completed!
Aggregation completed!
Testing passed!
	 AdvertiseKeys	 ShareKyes	 Masking	 Unmasking	 Total
Client	0.852294ms	284.785712ms	3208.686882ms	0.583438ms	3494.908326ms
Server	1.000000ms	52.072000ms	182.311000ms	179922.878000ms	180158.261000ms
AdvertiseKeys completed!
Threshold: 334, Total number: 500
ShareKeys completed!
MaskedInputCollection completed!
Unmasking validation completed!
Recovering pu completed!
Aggregation completed!
Testing passed!
	 AdvertiseKeys	 ShareKyes	 Masking	 Unmasking	 Total
Client	0.884706ms	298.269288ms	3354.064371ms	0.596822ms	3653.815187ms
Server	1.000000ms	36.606000ms	196.161000ms	187139.182000ms	187372.949000ms
AdvertiseKeys completed!
Threshold: 334, Total number: 500
ShareKeys completed!
MaskedInputCollection completed!
Unmasking validation completed!
Recovering pu completed!
Aggregation completed!
Testing passed!
	 AdvertiseKeys	 ShareKyes	 Masking	 Unmasking	 Total
Client	0.817310ms	282.352588ms	3182.538991ms	0.632538ms	3466.341427ms
Server	1.000000ms	36.030000ms	180.974000ms	178545.931000ms	178763.935000ms
AdvertiseKeys completed!
Threshold: 334, Total number: 500
ShareKeys completed!
MaskedInputCollection completed!
Unmasking validation completed!
Recovering pu completed!
Aggregation completed!
Testing passed!
	 AdvertiseKeys	 ShareKyes	 Masking	 Unmasking	 Total
Client	0.816926ms	284.599424ms	3184.631696ms	0.597990ms	3470.646036ms
Server	1.000000ms	36.004000ms	180.939000ms	178907.575000ms	179125.518000ms
AdvertiseKeys completed!
Threshold: 334, Total number: 500
ShareKeys completed!
MaskedInputCollection completed!
Unmasking validation completed!
Recovering pu completed!
Aggregation completed!
Testing passed!
	 AdvertiseKeys	 ShareKyes	 Masking	 Unmasking	 Total
Client	0.840260ms	283.813072ms	3179.839918ms	0.574464ms	3465.067714ms
Server	1.000000ms	52.599000ms	181.628000ms	178224.894000ms	178460.121000ms
AdvertiseKeys completed!
Threshold: 334, Total number: 500
ShareKeys completed!
MaskedInputCollection completed!
Unmasking validation completed!
Recovering pu completed!
Aggregation completed!
Testing passed!
	 AdvertiseKeys	 ShareKyes	 Masking	 Unmasking	 Total
Client	0.881724ms	289.386270ms	3176.020747ms	0.575628ms	3466.864369ms
Server	1.000000ms	36.743000ms	180.576000ms	178350.781000ms	178569.100000ms
